{
  "RSpec": {
    "coverage": {
      "/Users/Ellen/Documents/ada_homework/in_progress/Blog/app/helpers/application_helper.rb": [
        1,
        null
      ],
      "/Users/Ellen/Documents/ada_homework/in_progress/Blog/app/helpers/comment_helper.rb": [
        1,
        null
      ],
      "/Users/Ellen/Documents/ada_homework/in_progress/Blog/app/helpers/sessions_helper.rb": [
        1,
        null
      ],
      "/Users/Ellen/Documents/ada_homework/in_progress/Blog/app/helpers/users_helper.rb": [
        1,
        null
      ],
      "/Users/Ellen/Documents/ada_homework/in_progress/Blog/app/helpers/welcome_helper.rb": [
        1,
        null
      ],
      "/Users/Ellen/Documents/ada_homework/in_progress/Blog/app/controllers/comments_controller.rb": [
        1,
        1,
        0,
        0,
        null,
        0,
        null,
        null,
        null,
        1,
        1,
        1,
        1,
        null,
        0,
        null,
        null,
        null,
        1,
        null,
        null,
        1,
        1,
        0,
        null,
        null,
        1,
        1,
        null,
        null
      ],
      "/Users/Ellen/Documents/ada_homework/in_progress/Blog/app/controllers/application_controller.rb": [
        1,
        null,
        null,
        1,
        null,
        1,
        1,
        null,
        1,
        null,
        1,
        1,
        null,
        null
      ],
      "/Users/Ellen/Documents/ada_homework/in_progress/Blog/app/models/comment.rb": [
        1,
        1,
        1,
        null
      ]
    },
    "timestamp": 1389680815
  },
  "rspec": {
    "coverage": {
      "/Users/Ellen/Documents/ada_homework/in_progress/Blog/config/environment.rb": [
        null,
        1,
        null,
        null,
        1
      ],
      "/Users/Ellen/Documents/ada_homework/in_progress/Blog/config/application.rb": [
        1,
        null,
        1,
        null,
        null,
        null,
        1,
        null,
        1,
        1,
        null,
        null,
        null,
        null,
        null,
        null,
        null,
        null,
        null,
        null,
        null,
        null,
        null
      ],
      "/Users/Ellen/Documents/ada_homework/in_progress/Blog/config/boot.rb": [
        null,
        1,
        null,
        1
      ],
      "/Users/Ellen/Documents/ada_homework/in_progress/Blog/config/environments/test.rb": [
        1,
        null,
        null,
        null,
        null,
        null,
        null,
        1,
        null,
        null,
        null,
        null,
        1,
        null,
        null,
        1,
        1,
        null,
        null,
        1,
        1,
        null,
        null,
        1,
        null,
        null,
        1,
        null,
        null,
        null,
        null,
        1,
        null,
        null,
        1,
        null
      ],
      "/Users/Ellen/Documents/ada_homework/in_progress/Blog/config/initializers/backtrace_silencers.rb": [
        null,
        null,
        null,
        null,
        null,
        null,
        null
      ],
      "/Users/Ellen/Documents/ada_homework/in_progress/Blog/config/initializers/filter_parameter_logging.rb": [
        null,
        null,
        null,
        1
      ],
      "/Users/Ellen/Documents/ada_homework/in_progress/Blog/config/initializers/inflections.rb": [
        null,
        null,
        null,
        null,
        null,
        null,
        null,
        null,
        null,
        null,
        null,
        null,
        null,
        null,
        null,
        null
      ],
      "/Users/Ellen/Documents/ada_homework/in_progress/Blog/config/initializers/mime_types.rb": [
        null,
        null,
        null,
        null,
        null
      ],
      "/Users/Ellen/Documents/ada_homework/in_progress/Blog/config/initializers/secret_token.rb": [
        null,
        null,
        null,
        null,
        null,
        null,
        null,
        null,
        null,
        null,
        null,
        1
      ],
      "/Users/Ellen/Documents/ada_homework/in_progress/Blog/config/initializers/session_store.rb": [
        null,
        null,
        1
      ],
      "/Users/Ellen/Documents/ada_homework/in_progress/Blog/config/initializers/wrap_parameters.rb": [
        null,
        null,
        null,
        null,
        null,
        null,
        1,
        1,
        null,
        null,
        null,
        null,
        null,
        null
      ],
      "/Users/Ellen/Documents/ada_homework/in_progress/Blog/spec/factories.rb": [

      ],
      "/Users/Ellen/Documents/ada_homework/in_progress/Blog/config/routes.rb": [
        1,
        1,
        1,
        null,
        null,
        null,
        null,
        1,
        null,
        1,
        1,
        1,
        1,
        1,
        1,
        1,
        null,
        null,
        1,
        1,
        null,
        null,
        null,
        null,
        null,
        null,
        null,
        null,
        null,
        null,
        null,
        null,
        null,
        null,
        null,
        null,
        null,
        null,
        null,
        null,
        null,
        null,
        null,
        null,
        null,
        null,
        null,
        null,
        null,
        null,
        null,
        null,
        null,
        null,
        null,
        null,
        null,
        null,
        null,
        null,
        null,
        null,
        null,
        null,
        null,
        null,
        null,
        null,
        null,
        null
      ],
      "/Users/Ellen/Documents/ada_homework/in_progress/Blog/app/helpers/application_helper.rb": [
        1,
        null
      ],
      "/Users/Ellen/Documents/ada_homework/in_progress/Blog/app/helpers/sessions_helper.rb": [
        1,
        null
      ],
      "/Users/Ellen/Documents/ada_homework/in_progress/Blog/app/helpers/users_helper.rb": [
        1,
        null
      ],
      "/Users/Ellen/Documents/ada_homework/in_progress/Blog/app/helpers/welcome_helper.rb": [
        1,
        null
      ],
      "/Users/Ellen/Documents/ada_homework/in_progress/Blog/app/models/post.rb": [
        1,
        null
      ],
      "/Users/Ellen/Documents/ada_homework/in_progress/Blog/app/models/user.rb": [
        1,
        1,
        null,
        1,
        1,
        1,
        1,
        1,
        1,
        null,
        1,
        0,
        0,
        0,
        null,
        null,
        null,
        null,
        null,
        1,
        0,
        0,
        0,
        null,
        null,
        null
      ]
    },
    "timestamp": 1389396363
  }
}
